<?xml version="1.0" encoding="UTF-8"?>
<!-- Generated by org.testng.reporters.JUnitXMLReporter -->
<testsuite ignored="0" hostname="OCSIPL-AKK204" failures="3" tests="4" name="Test" time="43.253" errors="0" timestamp="13 Apr 2020 16:25:57 GMT">
  <testcase classname="Test.TestFlow" name="addItemToCard" time="43.074">
    <failure type="org.openqa.selenium.WebDriverException" message="org.openqa.selenium.WebDriverException: An unknown server-side error occurred while processing the command. Original error: Could not proxy command to remote server. Original error: Error: socket hang up
Build info: version: &amp;apos;3.12.0&amp;apos;, revision: &amp;apos;7c6e0b3&amp;apos;, time: &amp;apos;2018-05-08T14:04:26.12Z&amp;apos;
System info: host: &amp;apos;OCSIPL-AKK204&amp;apos;, ip: &amp;apos;192.168.8.1&amp;apos;, os.name: &amp;apos;Windows 10&amp;apos;, os.arch: &amp;apos;amd64&amp;apos;, os.version: &amp;apos;10.0&amp;apos;, java.version: &amp;apos;11.0.5&amp;apos;
Driver info: io.appium.java_client.android.AndroidDriver
Capabilities {app: F:/Gitcode/AppiumInfosysDem..., appActivity: com.amazon.mShop.splashscre..., appPackage: com.amazon.mShop.android.sh..., automationName: uiautomator2, databaseEnabled: false, desired: {app: F:/Gitcode/AppiumInfosysDem..., appActivity: com.amazon.mShop.splashscre..., automationName: uiautomator2, deviceName: ZF62243G98, newCommandTimeout: 60, platformName: android, platformVersion: 10}, deviceApiLevel: 29, deviceManufacturer: motorola, deviceModel: motorola one power, deviceName: ZF62243G98, deviceScreenDensity: 480, deviceScreenSize: 1080x2246, deviceUDID: ZF62243G98, javascriptEnabled: true, locationContextEnabled: false, networkConnectionEnabled: true, newCommandTimeout: 60, pixelRatio: 3, platform: LINUX, platformName: LINUX, platformVersion: 10, statBarHeight: 86, takesScreenshot: true, viewportRect: {height: 1930, left: 0, top: 86, width: 1080}, warnings: {}, webStorageEnabled: false}
Session ID: 28ff9b09-66d7-4188-8532-efe7494c5b7e
*** Element info: {Using=xpath, value=(//*[@resource-id=&amp;quot;com.amazon.mShop.android.shopping:id/list_product_description_layout&amp;quot;])[1]}">
      <![CDATA[org.openqa.selenium.WebDriverException: org.openqa.selenium.WebDriverException: An unknown server-side error occurred while processing the command. Original error: Could not proxy command to remote server. Original error: Error: socket hang up
Build info: version: '3.12.0', revision: '7c6e0b3', time: '2018-05-08T14:04:26.12Z'
System info: host: 'OCSIPL-AKK204', ip: '192.168.8.1', os.name: 'Windows 10', os.arch: 'amd64', os.version: '10.0', java.version: '11.0.5'
Driver info: io.appium.java_client.android.AndroidDriver
Capabilities {app: F:/Gitcode/AppiumInfosysDem..., appActivity: com.amazon.mShop.splashscre..., appPackage: com.amazon.mShop.android.sh..., automationName: uiautomator2, databaseEnabled: false, desired: {app: F:/Gitcode/AppiumInfosysDem..., appActivity: com.amazon.mShop.splashscre..., automationName: uiautomator2, deviceName: ZF62243G98, newCommandTimeout: 60, platformName: android, platformVersion: 10}, deviceApiLevel: 29, deviceManufacturer: motorola, deviceModel: motorola one power, deviceName: ZF62243G98, deviceScreenDensity: 480, deviceScreenSize: 1080x2246, deviceUDID: ZF62243G98, javascriptEnabled: true, locationContextEnabled: false, networkConnectionEnabled: true, newCommandTimeout: 60, pixelRatio: 3, platform: LINUX, platformName: LINUX, platformVersion: 10, statBarHeight: 86, takesScreenshot: true, viewportRect: {height: 1930, left: 0, top: 86, width: 1080}, warnings: {}, webStorageEnabled: false}
Session ID: 28ff9b09-66d7-4188-8532-efe7494c5b7e
*** Element info: {Using=xpath, value=(//*[@resource-id="com.amazon.mShop.android.shopping:id/list_product_description_layout"])[1]}
at io.appium.java_client.pagefactory.AppiumElementLocator$WaitingFunction.apply(AppiumElementLocator.java:192)
at io.appium.java_client.pagefactory.AppiumElementLocator$WaitingFunction.apply(AppiumElementLocator.java:1)
at org.openqa.selenium.support.ui.FluentWait.until(FluentWait.java:248)
at io.appium.java_client.pagefactory.AppiumElementLocator.waitFor(AppiumElementLocator.java:99)
at io.appium.java_client.pagefactory.AppiumElementLocator.findElement(AppiumElementLocator.java:119)
at io.appium.java_client.pagefactory.interceptors.InterceptorOfASingleElement.intercept(InterceptorOfASingleElement.java:60)
at io.appium.java_client.android.AndroidElement$$EnhancerByCGLIB$$b598166c.click(<generated>)
at Screen.HomePage.getProductDetail(HomePage.java:78)
at Test.TestFlow.addItemToCard(TestFlow.java:41)
Caused by: org.openqa.selenium.WebDriverException: An unknown server-side error occurred while processing the command. Original error: Could not proxy command to remote server. Original error: Error: socket hang up
Build info: version: '3.12.0', revision: '7c6e0b3', time: '2018-05-08T14:04:26.12Z'
System info: host: 'OCSIPL-AKK204', ip: '192.168.8.1', os.name: 'Windows 10', os.arch: 'amd64', os.version: '10.0', java.version: '11.0.5'
Driver info: io.appium.java_client.android.AndroidDriver
Capabilities {app: F:/Gitcode/AppiumInfosysDem..., appActivity: com.amazon.mShop.splashscre..., appPackage: com.amazon.mShop.android.sh..., automationName: uiautomator2, databaseEnabled: false, desired: {app: F:/Gitcode/AppiumInfosysDem..., appActivity: com.amazon.mShop.splashscre..., automationName: uiautomator2, deviceName: ZF62243G98, newCommandTimeout: 60, platformName: android, platformVersion: 10}, deviceApiLevel: 29, deviceManufacturer: motorola, deviceModel: motorola one power, deviceName: ZF62243G98, deviceScreenDensity: 480, deviceScreenSize: 1080x2246, deviceUDID: ZF62243G98, javascriptEnabled: true, locationContextEnabled: false, networkConnectionEnabled: true, newCommandTimeout: 60, pixelRatio: 3, platform: LINUX, platformName: LINUX, platformVersion: 10, statBarHeight: 86, takesScreenshot: true, viewportRect: {height: 1930, left: 0, top: 86, width: 1080}, warnings: {}, webStorageEnabled: false}
Session ID: 28ff9b09-66d7-4188-8532-efe7494c5b7e
*** Element info: {Using=xpath, value=(//*[@resource-id="com.amazon.mShop.android.shopping:id/list_product_description_layout"])[1]}
at org.openqa.selenium.remote.http.W3CHttpResponseCodec.createException(W3CHttpResponseCodec.java:187)
at org.openqa.selenium.remote.http.W3CHttpResponseCodec.decode(W3CHttpResponseCodec.java:122)
at org.openqa.selenium.remote.http.W3CHttpResponseCodec.decode(W3CHttpResponseCodec.java:49)
at org.openqa.selenium.remote.HttpCommandExecutor.execute(HttpCommandExecutor.java:158)
at io.appium.java_client.remote.AppiumCommandExecutor.execute(AppiumCommandExecutor.java:218)
at org.openqa.selenium.remote.RemoteWebDriver.execute(RemoteWebDriver.java:543)
at io.appium.java_client.DefaultGenericMobileDriver.execute(DefaultGenericMobileDriver.java:42)
at io.appium.java_client.AppiumDriver.execute(AppiumDriver.java:1)
at io.appium.java_client.android.AndroidDriver.execute(AndroidDriver.java:1)
at org.openqa.selenium.remote.RemoteWebDriver.findElement(RemoteWebDriver.java:317)
at io.appium.java_client.DefaultGenericMobileDriver.findElement(DefaultGenericMobileDriver.java:62)
at io.appium.java_client.AppiumDriver.findElement(AppiumDriver.java:1)
at io.appium.java_client.android.AndroidDriver.findElement(AndroidDriver.java:1)
at org.openqa.selenium.remote.RemoteWebDriver.findElementByXPath(RemoteWebDriver.java:419)
at io.appium.java_client.DefaultGenericMobileDriver.findElementByXPath(DefaultGenericMobileDriver.java:152)
at io.appium.java_client.AppiumDriver.findElementByXPath(AppiumDriver.java:1)
at io.appium.java_client.android.AndroidDriver.findElementByXPath(AndroidDriver.java:1)
at org.openqa.selenium.By$ByXPath.findElement(By.java:353)
at org.openqa.selenium.remote.RemoteWebDriver.findElement(RemoteWebDriver.java:309)
at io.appium.java_client.DefaultGenericMobileDriver.findElement(DefaultGenericMobileDriver.java:58)
at io.appium.java_client.AppiumDriver.findElement(AppiumDriver.java:1)
at io.appium.java_client.android.AndroidDriver.findElement(AndroidDriver.java:1)
at io.appium.java_client.pagefactory.bys.ContentMappedBy.findElement(ContentMappedBy.java:50)
at org.openqa.selenium.remote.RemoteWebDriver.findElement(RemoteWebDriver.java:309)
at io.appium.java_client.DefaultGenericMobileDriver.findElement(DefaultGenericMobileDriver.java:58)
at io.appium.java_client.AppiumDriver.findElement(AppiumDriver.java:1)
at io.appium.java_client.android.AndroidDriver.findElement(AndroidDriver.java:1)
at io.appium.java_client.pagefactory.AppiumElementLocator.lambda$0(AppiumElementLocator.java:120)
at io.appium.java_client.pagefactory.AppiumElementLocator$WaitingFunction.apply(AppiumElementLocator.java:172)
... 33 more
... Removed 29 stack frames]]>
    </failure>
  </testcase> <!-- addItemToCard -->
  <testcase classname="Test.TestFlow" name="cardcheckOut" time="0.005"/>
  <testcase classname="Test.TestFlow" name="loginflow" time="0.068">
    <failure type="org.openqa.selenium.WebDriverException" message="An unknown server-side error occurred while processing the command. Original error: Could not proxy command to remote server. Original error: Error: socket hang up
Build info: version: &amp;apos;3.12.0&amp;apos;, revision: &amp;apos;7c6e0b3&amp;apos;, time: &amp;apos;2018-05-08T14:04:26.12Z&amp;apos;
System info: host: &amp;apos;OCSIPL-AKK204&amp;apos;, ip: &amp;apos;192.168.8.1&amp;apos;, os.name: &amp;apos;Windows 10&amp;apos;, os.arch: &amp;apos;amd64&amp;apos;, os.version: &amp;apos;10.0&amp;apos;, java.version: &amp;apos;11.0.5&amp;apos;
Driver info: io.appium.java_client.android.AndroidDriver
Capabilities {app: F:/Gitcode/AppiumInfosysDem..., appActivity: com.amazon.mShop.splashscre..., appPackage: com.amazon.mShop.android.sh..., automationName: uiautomator2, databaseEnabled: false, desired: {app: F:/Gitcode/AppiumInfosysDem..., appActivity: com.amazon.mShop.splashscre..., automationName: uiautomator2, deviceName: ZF62243G98, newCommandTimeout: 60, platformName: android, platformVersion: 10}, deviceApiLevel: 29, deviceManufacturer: motorola, deviceModel: motorola one power, deviceName: ZF62243G98, deviceScreenDensity: 480, deviceScreenSize: 1080x2246, deviceUDID: ZF62243G98, javascriptEnabled: true, locationContextEnabled: false, networkConnectionEnabled: true, newCommandTimeout: 60, pixelRatio: 3, platform: LINUX, platformName: LINUX, platformVersion: 10, statBarHeight: 86, takesScreenshot: true, viewportRect: {height: 1930, left: 0, top: 86, width: 1080}, warnings: {}, webStorageEnabled: false}
Session ID: 28ff9b09-66d7-4188-8532-efe7494c5b7e
*** Element info: {Using=id, value=com.amazon.mShop.android.shopping:id/sign_in_button}">
      <![CDATA[org.openqa.selenium.WebDriverException: An unknown server-side error occurred while processing the command. Original error: Could not proxy command to remote server. Original error: Error: socket hang up
Build info: version: '3.12.0', revision: '7c6e0b3', time: '2018-05-08T14:04:26.12Z'
System info: host: 'OCSIPL-AKK204', ip: '192.168.8.1', os.name: 'Windows 10', os.arch: 'amd64', os.version: '10.0', java.version: '11.0.5'
Driver info: io.appium.java_client.android.AndroidDriver
Capabilities {app: F:/Gitcode/AppiumInfosysDem..., appActivity: com.amazon.mShop.splashscre..., appPackage: com.amazon.mShop.android.sh..., automationName: uiautomator2, databaseEnabled: false, desired: {app: F:/Gitcode/AppiumInfosysDem..., appActivity: com.amazon.mShop.splashscre..., automationName: uiautomator2, deviceName: ZF62243G98, newCommandTimeout: 60, platformName: android, platformVersion: 10}, deviceApiLevel: 29, deviceManufacturer: motorola, deviceModel: motorola one power, deviceName: ZF62243G98, deviceScreenDensity: 480, deviceScreenSize: 1080x2246, deviceUDID: ZF62243G98, javascriptEnabled: true, locationContextEnabled: false, networkConnectionEnabled: true, newCommandTimeout: 60, pixelRatio: 3, platform: LINUX, platformName: LINUX, platformVersion: 10, statBarHeight: 86, takesScreenshot: true, viewportRect: {height: 1930, left: 0, top: 86, width: 1080}, warnings: {}, webStorageEnabled: false}
Session ID: 28ff9b09-66d7-4188-8532-efe7494c5b7e
*** Element info: {Using=id, value=com.amazon.mShop.android.shopping:id/sign_in_button}
at org.openqa.selenium.remote.http.W3CHttpResponseCodec.createException(W3CHttpResponseCodec.java:187)
at org.openqa.selenium.remote.http.W3CHttpResponseCodec.decode(W3CHttpResponseCodec.java:122)
at org.openqa.selenium.remote.http.W3CHttpResponseCodec.decode(W3CHttpResponseCodec.java:49)
at org.openqa.selenium.remote.HttpCommandExecutor.execute(HttpCommandExecutor.java:158)
at io.appium.java_client.remote.AppiumCommandExecutor.execute(AppiumCommandExecutor.java:218)
at org.openqa.selenium.remote.RemoteWebDriver.execute(RemoteWebDriver.java:543)
at io.appium.java_client.DefaultGenericMobileDriver.execute(DefaultGenericMobileDriver.java:42)
at io.appium.java_client.AppiumDriver.execute(AppiumDriver.java:1)
at io.appium.java_client.android.AndroidDriver.execute(AndroidDriver.java:1)
at org.openqa.selenium.remote.RemoteWebDriver.findElement(RemoteWebDriver.java:317)
at io.appium.java_client.DefaultGenericMobileDriver.findElement(DefaultGenericMobileDriver.java:62)
at io.appium.java_client.AppiumDriver.findElement(AppiumDriver.java:1)
at io.appium.java_client.android.AndroidDriver.findElement(AndroidDriver.java:1)
at org.openqa.selenium.remote.RemoteWebDriver.findElementById(RemoteWebDriver.java:363)
at io.appium.java_client.DefaultGenericMobileDriver.findElementById(DefaultGenericMobileDriver.java:70)
at io.appium.java_client.AppiumDriver.findElementById(AppiumDriver.java:1)
at io.appium.java_client.android.AndroidDriver.findElementById(AndroidDriver.java:1)
at Comman.InfoMethods.login_flow(InfoMethods.java:52)
at Test.TestFlow.loginflow(TestFlow.java:20)
... Removed 29 stack frames]]>
    </failure>
  </testcase> <!-- loginflow -->
  <testcase classname="Test.TestFlow" name="searchItem" time="0.046">
    <failure type="org.openqa.selenium.WebDriverException" message="An unknown server-side error occurred while processing the command. Original error: Could not proxy command to remote server. Original error: Error: socket hang up
Build info: version: &amp;apos;3.12.0&amp;apos;, revision: &amp;apos;7c6e0b3&amp;apos;, time: &amp;apos;2018-05-08T14:04:26.12Z&amp;apos;
System info: host: &amp;apos;OCSIPL-AKK204&amp;apos;, ip: &amp;apos;192.168.8.1&amp;apos;, os.name: &amp;apos;Windows 10&amp;apos;, os.arch: &amp;apos;amd64&amp;apos;, os.version: &amp;apos;10.0&amp;apos;, java.version: &amp;apos;11.0.5&amp;apos;
Driver info: io.appium.java_client.android.AndroidDriver
Capabilities {app: F:/Gitcode/AppiumInfosysDem..., appActivity: com.amazon.mShop.splashscre..., appPackage: com.amazon.mShop.android.sh..., automationName: uiautomator2, databaseEnabled: false, desired: {app: F:/Gitcode/AppiumInfosysDem..., appActivity: com.amazon.mShop.splashscre..., automationName: uiautomator2, deviceName: ZF62243G98, newCommandTimeout: 60, platformName: android, platformVersion: 10}, deviceApiLevel: 29, deviceManufacturer: motorola, deviceModel: motorola one power, deviceName: ZF62243G98, deviceScreenDensity: 480, deviceScreenSize: 1080x2246, deviceUDID: ZF62243G98, javascriptEnabled: true, locationContextEnabled: false, networkConnectionEnabled: true, newCommandTimeout: 60, pixelRatio: 3, platform: LINUX, platformName: LINUX, platformVersion: 10, statBarHeight: 86, takesScreenshot: true, viewportRect: {height: 1930, left: 0, top: 86, width: 1080}, warnings: {}, webStorageEnabled: false}
Session ID: 28ff9b09-66d7-4188-8532-efe7494c5b7e">
      <![CDATA[org.openqa.selenium.WebDriverException: An unknown server-side error occurred while processing the command. Original error: Could not proxy command to remote server. Original error: Error: socket hang up
Build info: version: '3.12.0', revision: '7c6e0b3', time: '2018-05-08T14:04:26.12Z'
System info: host: 'OCSIPL-AKK204', ip: '192.168.8.1', os.name: 'Windows 10', os.arch: 'amd64', os.version: '10.0', java.version: '11.0.5'
Driver info: io.appium.java_client.android.AndroidDriver
Capabilities {app: F:/Gitcode/AppiumInfosysDem..., appActivity: com.amazon.mShop.splashscre..., appPackage: com.amazon.mShop.android.sh..., automationName: uiautomator2, databaseEnabled: false, desired: {app: F:/Gitcode/AppiumInfosysDem..., appActivity: com.amazon.mShop.splashscre..., automationName: uiautomator2, deviceName: ZF62243G98, newCommandTimeout: 60, platformName: android, platformVersion: 10}, deviceApiLevel: 29, deviceManufacturer: motorola, deviceModel: motorola one power, deviceName: ZF62243G98, deviceScreenDensity: 480, deviceScreenSize: 1080x2246, deviceUDID: ZF62243G98, javascriptEnabled: true, locationContextEnabled: false, networkConnectionEnabled: true, newCommandTimeout: 60, pixelRatio: 3, platform: LINUX, platformName: LINUX, platformVersion: 10, statBarHeight: 86, takesScreenshot: true, viewportRect: {height: 1930, left: 0, top: 86, width: 1080}, warnings: {}, webStorageEnabled: false}
Session ID: 28ff9b09-66d7-4188-8532-efe7494c5b7e
at org.openqa.selenium.remote.http.W3CHttpResponseCodec.createException(W3CHttpResponseCodec.java:187)
at org.openqa.selenium.remote.http.W3CHttpResponseCodec.decode(W3CHttpResponseCodec.java:122)
at org.openqa.selenium.remote.http.W3CHttpResponseCodec.decode(W3CHttpResponseCodec.java:49)
at org.openqa.selenium.remote.HttpCommandExecutor.execute(HttpCommandExecutor.java:158)
at io.appium.java_client.remote.AppiumCommandExecutor.execute(AppiumCommandExecutor.java:218)
at org.openqa.selenium.remote.RemoteWebDriver.execute(RemoteWebDriver.java:543)
at io.appium.java_client.DefaultGenericMobileDriver.execute(DefaultGenericMobileDriver.java:46)
at io.appium.java_client.AppiumDriver.execute(AppiumDriver.java:1)
at io.appium.java_client.android.AndroidDriver.execute(AndroidDriver.java:1)
at io.appium.java_client.HasSessionDetails.getSessionDetails(HasSessionDetails.java:39)
at io.appium.java_client.HasSessionDetails.getSessionDetail(HasSessionDetails.java:56)
at io.appium.java_client.HasSessionDetails.getPlatformName(HasSessionDetails.java:65)
at io.appium.java_client.pagefactory.AppiumFieldDecorator.<init>(AppiumFieldDecorator.java:96)
at io.appium.java_client.pagefactory.AppiumFieldDecorator.<init>(AppiumFieldDecorator.java:144)
at Screen.HomePage.<init>(HomePage.java:47)
at Test.TestFlow.searchItem(TestFlow.java:31)
... Removed 29 stack frames]]>
    </failure>
  </testcase> <!-- searchItem -->
</testsuite> <!-- Test -->
